  [1m[35m (2.6ms)[0m  [1m[34mSELECT sqlite_version(*)[0m
  [1m[35m (1.7ms)[0m  [1m[35mCREATE TABLE "schema_migrations" ("version" varchar NOT NULL PRIMARY KEY)[0m
  [1m[35m (1.0ms)[0m  [1m[35mCREATE TABLE "ar_internal_metadata" ("key" varchar NOT NULL PRIMARY KEY, "value" varchar, "created_at" datetime(6) NOT NULL, "updated_at" datetime(6) NOT NULL)[0m
  [1m[35m (0.1ms)[0m  [1m[34mSELECT "schema_migrations"."version" FROM "schema_migrations" ORDER BY "schema_migrations"."version" ASC[0m
Migrating to CreateTodos (20200224185309)
  [1m[35m (0.0ms)[0m  [1m[36mbegin transaction[0m
  [1m[35m (0.4ms)[0m  [1m[35mCREATE TABLE "todos" ("id" integer PRIMARY KEY AUTOINCREMENT NOT NULL, "title" varchar, "created_by" varchar, "created_at" datetime(6) NOT NULL, "updated_at" datetime(6) NOT NULL)[0m
  [1m[36mprimary::SchemaMigration Create (0.1ms)[0m  [1m[32mINSERT INTO "schema_migrations" ("version") VALUES (?)[0m  [["version", "20200224185309"]]
  [1m[35m (0.9ms)[0m  [1m[36mcommit transaction[0m
Migrating to CreateItems (20200224185337)
  [1m[35m (0.0ms)[0m  [1m[36mbegin transaction[0m
  [1m[35m (0.4ms)[0m  [1m[35mCREATE TABLE "items" ("id" integer PRIMARY KEY AUTOINCREMENT NOT NULL, "name" varchar, "done" boolean, "todo_id" integer NOT NULL, "created_at" datetime(6) NOT NULL, "updated_at" datetime(6) NOT NULL, CONSTRAINT "fk_rails_c01e6b449d"
FOREIGN KEY ("todo_id")
  REFERENCES "todos" ("id")
)[0m
  [1m[35m (0.1ms)[0m  [1m[35mCREATE  INDEX "index_items_on_todo_id" ON "items" ("todo_id")[0m
  [1m[36mprimary::SchemaMigration Create (0.1ms)[0m  [1m[32mINSERT INTO "schema_migrations" ("version") VALUES (?)[0m  [["version", "20200224185337"]]
  [1m[35m (0.7ms)[0m  [1m[36mcommit transaction[0m
  [1m[36mActiveRecord::InternalMetadata Load (0.1ms)[0m  [1m[34mSELECT "ar_internal_metadata".* FROM "ar_internal_metadata" WHERE "ar_internal_metadata"."key" = ? LIMIT ?[0m  [["key", "environment"], ["LIMIT", 1]]
  [1m[35m (0.0ms)[0m  [1m[36mbegin transaction[0m
  [1m[36mActiveRecord::InternalMetadata Create (0.3ms)[0m  [1m[32mINSERT INTO "ar_internal_metadata" ("key", "value", "created_at", "updated_at") VALUES (?, ?, ?, ?)[0m  [["key", "environment"], ["value", "development"], ["created_at", "2020-02-24 18:53:56.318243"], ["updated_at", "2020-02-24 18:53:56.318243"]]
  [1m[35m (0.6ms)[0m  [1m[36mcommit transaction[0m
  [1m[35m (0.0ms)[0m  [1m[34mSELECT sqlite_version(*)[0m
  [1m[35m (0.1ms)[0m  [1m[34mSELECT "schema_migrations"."version" FROM "schema_migrations" ORDER BY "schema_migrations"."version" ASC[0m
Started GET "/todos" for ::1 at 2020-02-24 11:23:12 -0800
  [1m[35m (0.4ms)[0m  [1m[34mSELECT sqlite_version(*)[0m
  [1m[35m (0.1ms)[0m  [1m[34mSELECT "schema_migrations"."version" FROM "schema_migrations" ORDER BY "schema_migrations"."version" ASC[0m
Processing by TodosController#index as */*
  [1m[36mTodo Load (0.1ms)[0m  [1m[34mSELECT "todos".* FROM "todos"[0m
  ↳ app/controllers/concerns/response.rb:3:in `json_response'
Completed 200 OK in 8ms (Views: 2.2ms | ActiveRecord: 1.1ms | Allocations: 2421)


Started POST "/todos" for ::1 at 2020-02-24 11:23:24 -0800
Processing by TodosController#create as */*
Completed 422 Unprocessable Entity in 14ms (Views: 0.1ms | ActiveRecord: 0.3ms | Allocations: 5575)


Started POST "/todos" for ::1 at 2020-02-24 11:23:42 -0800
Processing by TodosController#create as */*
  Parameters: {"title"=>"Mozard", "todo"=>{"title"=>"Mozard"}}
[31mUnpermitted parameter: :todo[0m
Completed 422 Unprocessable Entity in 2ms (Views: 0.1ms | ActiveRecord: 0.0ms | Allocations: 862)


Started POST "/todos" for ::1 at 2020-02-24 11:23:52 -0800
Processing by TodosController#create as */*
  Parameters: {"title"=>"Mozart", "created_by"=>1, "todo"=>{"title"=>"Mozart", "created_by"=>1}}
[31mUnpermitted parameter: :todo[0m
  [1m[35m (0.0ms)[0m  [1m[36mbegin transaction[0m
  ↳ app/controllers/todos_controller.rb:12:in `create'
  [1m[36mTodo Create (0.3ms)[0m  [1m[32mINSERT INTO "todos" ("title", "created_by", "created_at", "updated_at") VALUES (?, ?, ?, ?)[0m  [["title", "Mozart"], ["created_by", "1"], ["created_at", "2020-02-24 19:23:52.368073"], ["updated_at", "2020-02-24 19:23:52.368073"]]
  ↳ app/controllers/todos_controller.rb:12:in `create'
  [1m[35m (0.7ms)[0m  [1m[36mcommit transaction[0m
  ↳ app/controllers/todos_controller.rb:12:in `create'
Completed 201 Created in 8ms (Views: 1.0ms | ActiveRecord: 1.1ms | Allocations: 2459)


Started PUT "/todos/1" for ::1 at 2020-02-24 11:24:02 -0800
Processing by TodosController#update as */*
  Parameters: {"title"=>"Mozart", "id"=>"1", "todo"=>{"title"=>"Mozart"}}
  [1m[36mTodo Load (0.2ms)[0m  [1m[34mSELECT "todos".* FROM "todos" WHERE "todos"."id" = ? LIMIT ?[0m  [["id", 1], ["LIMIT", 1]]
  ↳ app/controllers/todos_controller.rb:41:in `set_todo'
[31mUnpermitted parameters: :id, :todo[0m
Completed 204 No Content in 9ms (ActiveRecord: 0.2ms | Allocations: 2945)


Started GET "/todos" for ::1 at 2020-02-24 11:24:10 -0800
Processing by TodosController#index as */*
  Parameters: {"title"=>"Mozart", "todo"=>{"title"=>"Mozart"}}
  [1m[36mTodo Load (0.1ms)[0m  [1m[34mSELECT "todos".* FROM "todos"[0m
  ↳ app/controllers/concerns/response.rb:3:in `json_response'
Completed 200 OK in 2ms (Views: 1.4ms | ActiveRecord: 0.1ms | Allocations: 891)


Started GET "/todos/1" for ::1 at 2020-02-24 11:24:12 -0800
Processing by TodosController#show as */*
  Parameters: {"title"=>"Mozart", "id"=>"1", "todo"=>{"title"=>"Mozart"}}
  [1m[36mTodo Load (0.1ms)[0m  [1m[34mSELECT "todos".* FROM "todos" WHERE "todos"."id" = ? LIMIT ?[0m  [["id", 1], ["LIMIT", 1]]
  ↳ app/controllers/todos_controller.rb:41:in `set_todo'
Completed 200 OK in 1ms (Views: 0.2ms | ActiveRecord: 0.1ms | Allocations: 702)


Started PUT "/todos/1" for ::1 at 2020-02-24 11:24:26 -0800
Processing by TodosController#update as */*
  Parameters: {"title"=>"Beethoven", "id"=>"1", "todo"=>{"title"=>"Beethoven"}}
  [1m[36mTodo Load (0.1ms)[0m  [1m[34mSELECT "todos".* FROM "todos" WHERE "todos"."id" = ? LIMIT ?[0m  [["id", 1], ["LIMIT", 1]]
  ↳ app/controllers/todos_controller.rb:41:in `set_todo'
[31mUnpermitted parameters: :id, :todo[0m
  [1m[35m (0.0ms)[0m  [1m[36mbegin transaction[0m
  ↳ app/controllers/todos_controller.rb:23:in `update'
  [1m[36mTodo Update (0.2ms)[0m  [1m[33mUPDATE "todos" SET "title" = ?, "updated_at" = ? WHERE "todos"."id" = ?[0m  [["title", "Beethoven"], ["updated_at", "2020-02-24 19:24:26.128545"], ["id", 1]]
  ↳ app/controllers/todos_controller.rb:23:in `update'
  [1m[35m (0.7ms)[0m  [1m[36mcommit transaction[0m
  ↳ app/controllers/todos_controller.rb:23:in `update'
Completed 204 No Content in 4ms (ActiveRecord: 1.0ms | Allocations: 2752)


Started GET "/todos/1" for ::1 at 2020-02-24 11:24:30 -0800
Processing by TodosController#show as */*
  Parameters: {"title"=>"Beethoven", "id"=>"1", "todo"=>{"title"=>"Beethoven"}}
  [1m[36mTodo Load (0.1ms)[0m  [1m[34mSELECT "todos".* FROM "todos" WHERE "todos"."id" = ? LIMIT ?[0m  [["id", 1], ["LIMIT", 1]]
  ↳ app/controllers/todos_controller.rb:41:in `set_todo'
Completed 200 OK in 1ms (Views: 0.2ms | ActiveRecord: 0.1ms | Allocations: 702)


Started DELETE "/todos/1" for ::1 at 2020-02-24 11:24:36 -0800
Processing by TodosController#destroy as */*
  Parameters: {"title"=>"Beethoven", "id"=>"1", "todo"=>{"title"=>"Beethoven"}}
  [1m[36mTodo Load (0.1ms)[0m  [1m[34mSELECT "todos".* FROM "todos" WHERE "todos"."id" = ? LIMIT ?[0m  [["id", 1], ["LIMIT", 1]]
  ↳ app/controllers/todos_controller.rb:41:in `set_todo'
  [1m[35m (0.0ms)[0m  [1m[36mbegin transaction[0m
  ↳ app/controllers/todos_controller.rb:29:in `destroy'
  [1m[36mItem Load (0.1ms)[0m  [1m[34mSELECT "items".* FROM "items" WHERE "items"."todo_id" = ?[0m  [["todo_id", 1]]
  ↳ app/controllers/todos_controller.rb:29:in `destroy'
  [1m[36mTodo Destroy (0.2ms)[0m  [1m[31mDELETE FROM "todos" WHERE "todos"."id" = ?[0m  [["id", 1]]
  ↳ app/controllers/todos_controller.rb:29:in `destroy'
  [1m[35m (0.5ms)[0m  [1m[36mcommit transaction[0m
  ↳ app/controllers/todos_controller.rb:29:in `destroy'
Completed 204 No Content in 23ms (ActiveRecord: 1.2ms | Allocations: 7778)


